Configuring connection-0.2.8...
Building connection-0.2.8...
Preprocessing library connection-0.2.8...
[1 of 2] Compiling Network.Connection.Types ( Network\Connection\Types.hs, .stack-work\dist\ca59d0ab\build\Network\Connection\Types.o )
[2 of 2] Compiling Network.Connection ( Network\Connection.hs, .stack-work\dist\ca59d0ab\build\Network\Connection.o )

Network\Connection.hs:52:1: warning: [-Wunused-imports]
    The import of `Control.Applicative' is redundant
      except perhaps to import instances from `Control.Applicative'
    To import instances alone, use: import Control.Applicative()

Network\Connection.hs:101:1: warning: [-Wunused-top-binds]
    Defined but not used: `connectionSessionManager'

Network\Connection.hs:206:39: warning: [-Wname-shadowing]
    This binding for `serv' shadows the existing binding
      bound at Network\Connection.hs:205:17

Network\Connection.hs:208:29: warning: [-Woverlapping-patterns]
    Pattern match is redundant
    In a case alternative: _ -> ...
Installing library in
C:\sr\snapshots\1602ab97\lib\x86_64-windows-ghc-8.0.2\connection-0.2.8-JfJmcNcI7WpFMeCc1pSsUT
Registering connection-0.2.8...
