Configuring cryptonite-0.23...
Building cryptonite-0.23...
Preprocessing library cryptonite-0.23...
[  1 of 119] Compiling Crypto.Tutorial  ( Crypto\Tutorial.hs, .stack-work\dist\ca59d0ab\build\Crypto\Tutorial.o )
[  2 of 119] Compiling Crypto.Random.Entropy.Source ( Crypto\Random\Entropy\Source.hs, .stack-work\dist\ca59d0ab\build\Crypto\Random\Entropy\Source.o )
[  3 of 119] Compiling Crypto.Random.Entropy.Windows ( Crypto\Random\Entropy\Windows.hs, .stack-work\dist\ca59d0ab\build\Crypto\Random\Entropy\Windows.o )
[  4 of 119] Compiling Crypto.Random.Entropy.Backend ( Crypto\Random\Entropy\Backend.hs, .stack-work\dist\ca59d0ab\build\Crypto\Random\Entropy\Backend.o )
[  5 of 119] Compiling Crypto.Random.Entropy.Unsafe ( Crypto\Random\Entropy\Unsafe.hs, .stack-work\dist\ca59d0ab\build\Crypto\Random\Entropy\Unsafe.o )
[  6 of 119] Compiling Crypto.PubKey.Internal ( Crypto\PubKey\Internal.hs, .stack-work\dist\ca59d0ab\build\Crypto\PubKey\Internal.o )
[  7 of 119] Compiling Crypto.Number.Compat ( Crypto\Number\Compat.hs, .stack-work\dist\ca59d0ab\build\Crypto\Number\Compat.o )
[  8 of 119] Compiling Crypto.Number.Basic ( Crypto\Number\Basic.hs, .stack-work\dist\ca59d0ab\build\Crypto\Number\Basic.o )
[  9 of 119] Compiling Crypto.Number.ModArithmetic ( Crypto\Number\ModArithmetic.hs, .stack-work\dist\ca59d0ab\build\Crypto\Number\ModArithmetic.o )
[ 10 of 119] Compiling Crypto.Number.Serialize.Internal ( Crypto\Number\Serialize\Internal.hs, .stack-work\dist\ca59d0ab\build\Crypto\Number\Serialize\Internal.o )
[ 11 of 119] Compiling Crypto.Internal.Words ( Crypto\Internal\Words.hs, .stack-work\dist\ca59d0ab\build\Crypto\Internal\Words.o )
[ 12 of 119] Compiling Crypto.Internal.Proxy ( Crypto\Internal\Proxy.hs, .stack-work\dist\ca59d0ab\build\Crypto\Internal\Proxy.o )
[ 13 of 119] Compiling Crypto.Internal.Nat ( Crypto\Internal\Nat.hs, .stack-work\dist\ca59d0ab\build\Crypto\Internal\Nat.o )
[ 14 of 119] Compiling Crypto.Internal.DeepSeq ( Crypto\Internal\DeepSeq.hs, .stack-work\dist\ca59d0ab\build\Crypto\Internal\DeepSeq.o )
[ 15 of 119] Compiling Crypto.Internal.Imports ( Crypto\Internal\Imports.hs, .stack-work\dist\ca59d0ab\build\Crypto\Internal\Imports.o )
[ 16 of 119] Compiling Crypto.Number.F2m ( Crypto\Number\F2m.hs, .stack-work\dist\ca59d0ab\build\Crypto\Number\F2m.o )
[ 17 of 119] Compiling Crypto.PubKey.ECC.Types ( Crypto\PubKey\ECC\Types.hs, .stack-work\dist\ca59d0ab\build\Crypto\PubKey\ECC\Types.o )
[ 18 of 119] Compiling Crypto.PubKey.RSA.Types ( Crypto\PubKey\RSA\Types.hs, .stack-work\dist\ca59d0ab\build\Crypto\PubKey\RSA\Types.o )
[ 19 of 119] Compiling Crypto.Internal.CompatPrim ( Crypto\Internal\CompatPrim.hs, .stack-work\dist\ca59d0ab\build\Crypto\Internal\CompatPrim.o )
[ 20 of 119] Compiling Crypto.Internal.Compat ( Crypto\Internal\Compat.hs, .stack-work\dist\ca59d0ab\build\Crypto\Internal\Compat.o )
[ 21 of 119] Compiling Crypto.Internal.WordArray ( Crypto\Internal\WordArray.hs, .stack-work\dist\ca59d0ab\build\Crypto\Internal\WordArray.o )
[ 22 of 119] Compiling Crypto.Internal.ByteArray ( Crypto\Internal\ByteArray.hs, .stack-work\dist\ca59d0ab\build\Crypto\Internal\ByteArray.o )
[ 23 of 119] Compiling Crypto.Number.Serialize ( Crypto\Number\Serialize.hs, .stack-work\dist\ca59d0ab\build\Crypto\Number\Serialize.o )
[ 24 of 119] Compiling Crypto.PubKey.RSA.Prim ( Crypto\PubKey\RSA\Prim.hs, .stack-work\dist\ca59d0ab\build\Crypto\PubKey\RSA\Prim.o )
[ 25 of 119] Compiling Crypto.Random.Entropy ( Crypto\Random\Entropy.hs, .stack-work\dist\ca59d0ab\build\Crypto\Random\Entropy.o )
[ 26 of 119] Compiling Crypto.Random.EntropyPool ( Crypto\Random\EntropyPool.hs, .stack-work\dist\ca59d0ab\build\Crypto\Random\EntropyPool.o )
[ 27 of 119] Compiling Crypto.Random.Types ( Crypto\Random\Types.hs, .stack-work\dist\ca59d0ab\build\Crypto\Random\Types.o )
[ 28 of 119] Compiling Crypto.Number.Generate ( Crypto\Number\Generate.hs, .stack-work\dist\ca59d0ab\build\Crypto\Number\Generate.o )
[ 29 of 119] Compiling Crypto.Random.SystemDRG ( Crypto\Random\SystemDRG.hs, .stack-work\dist\ca59d0ab\build\Crypto\Random\SystemDRG.o )
[ 30 of 119] Compiling Crypto.Hash.Types ( Crypto\Hash\Types.hs, .stack-work\dist\ca59d0ab\build\Crypto\Hash\Types.o )
[ 31 of 119] Compiling Crypto.Hash.Whirlpool ( Crypto\Hash\Whirlpool.hs, .stack-work\dist\ca59d0ab\build\Crypto\Hash\Whirlpool.o )
[ 32 of 119] Compiling Crypto.Hash.Tiger ( Crypto\Hash\Tiger.hs, .stack-work\dist\ca59d0ab\build\Crypto\Hash\Tiger.o )
[ 33 of 119] Compiling Crypto.Hash.Skein512 ( Crypto\Hash\Skein512.hs, .stack-work\dist\ca59d0ab\build\Crypto\Hash\Skein512.o )
[ 34 of 119] Compiling Crypto.Hash.Skein256 ( Crypto\Hash\Skein256.hs, .stack-work\dist\ca59d0ab\build\Crypto\Hash\Skein256.o )
[ 35 of 119] Compiling Crypto.Hash.SHAKE ( Crypto\Hash\SHAKE.hs, .stack-work\dist\ca59d0ab\build\Crypto\Hash\SHAKE.o )
[ 36 of 119] Compiling Crypto.Hash.SHA512t ( Crypto\Hash\SHA512t.hs, .stack-work\dist\ca59d0ab\build\Crypto\Hash\SHA512t.o )
[ 37 of 119] Compiling Crypto.Hash.SHA512 ( Crypto\Hash\SHA512.hs, .stack-work\dist\ca59d0ab\build\Crypto\Hash\SHA512.o )
[ 38 of 119] Compiling Crypto.Hash.SHA384 ( Crypto\Hash\SHA384.hs, .stack-work\dist\ca59d0ab\build\Crypto\Hash\SHA384.o )
[ 39 of 119] Compiling Crypto.Hash.SHA3 ( Crypto\Hash\SHA3.hs, .stack-work\dist\ca59d0ab\build\Crypto\Hash\SHA3.o )
[ 40 of 119] Compiling Crypto.Hash.SHA256 ( Crypto\Hash\SHA256.hs, .stack-work\dist\ca59d0ab\build\Crypto\Hash\SHA256.o )
[ 41 of 119] Compiling Crypto.Hash.SHA224 ( Crypto\Hash\SHA224.hs, .stack-work\dist\ca59d0ab\build\Crypto\Hash\SHA224.o )
[ 42 of 119] Compiling Crypto.Hash.SHA1 ( Crypto\Hash\SHA1.hs, .stack-work\dist\ca59d0ab\build\Crypto\Hash\SHA1.o )
[ 43 of 119] Compiling Crypto.Hash.RIPEMD160 ( Crypto\Hash\RIPEMD160.hs, .stack-work\dist\ca59d0ab\build\Crypto\Hash\RIPEMD160.o )
[ 44 of 119] Compiling Crypto.Hash.MD5  ( Crypto\Hash\MD5.hs, .stack-work\dist\ca59d0ab\build\Crypto\Hash\MD5.o )
[ 45 of 119] Compiling Crypto.Hash.MD4  ( Crypto\Hash\MD4.hs, .stack-work\dist\ca59d0ab\build\Crypto\Hash\MD4.o )
[ 46 of 119] Compiling Crypto.Hash.MD2  ( Crypto\Hash\MD2.hs, .stack-work\dist\ca59d0ab\build\Crypto\Hash\MD2.o )
[ 47 of 119] Compiling Crypto.Hash.Keccak ( Crypto\Hash\Keccak.hs, .stack-work\dist\ca59d0ab\build\Crypto\Hash\Keccak.o )
[ 48 of 119] Compiling Crypto.Hash.IO   ( Crypto\Hash\IO.hs, .stack-work\dist\ca59d0ab\build\Crypto\Hash\IO.o )
[ 49 of 119] Compiling Crypto.Hash.Blake2sp ( Crypto\Hash\Blake2sp.hs, .stack-work\dist\ca59d0ab\build\Crypto\Hash\Blake2sp.o )
[ 50 of 119] Compiling Crypto.Hash.Blake2s ( Crypto\Hash\Blake2s.hs, .stack-work\dist\ca59d0ab\build\Crypto\Hash\Blake2s.o )
[ 51 of 119] Compiling Crypto.Hash.Blake2bp ( Crypto\Hash\Blake2bp.hs, .stack-work\dist\ca59d0ab\build\Crypto\Hash\Blake2bp.o )
[ 52 of 119] Compiling Crypto.Hash.Blake2b ( Crypto\Hash\Blake2b.hs, .stack-work\dist\ca59d0ab\build\Crypto\Hash\Blake2b.o )
[ 53 of 119] Compiling Crypto.Hash.Blake2 ( Crypto\Hash\Blake2.hs, .stack-work\dist\ca59d0ab\build\Crypto\Hash\Blake2.o )
[ 54 of 119] Compiling Crypto.Hash.Algorithms ( Crypto\Hash\Algorithms.hs, .stack-work\dist\ca59d0ab\build\Crypto\Hash\Algorithms.o )
[ 55 of 119] Compiling Crypto.Hash      ( Crypto\Hash.hs, .stack-work\dist\ca59d0ab\build\Crypto\Hash.o )
[ 56 of 119] Compiling Crypto.MAC.HMAC  ( Crypto\MAC\HMAC.hs, .stack-work\dist\ca59d0ab\build\Crypto\MAC\HMAC.o )
[ 57 of 119] Compiling Crypto.KDF.HKDF  ( Crypto\KDF\HKDF.hs, .stack-work\dist\ca59d0ab\build\Crypto\KDF\HKDF.o )
[ 58 of 119] Compiling Crypto.KDF.PBKDF2 ( Crypto\KDF\PBKDF2.hs, .stack-work\dist\ca59d0ab\build\Crypto\KDF\PBKDF2.o )
[ 59 of 119] Compiling Crypto.KDF.Scrypt ( Crypto\KDF\Scrypt.hs, .stack-work\dist\ca59d0ab\build\Crypto\KDF\Scrypt.o )
[ 60 of 119] Compiling Crypto.OTP       ( Crypto\OTP.hs, .stack-work\dist\ca59d0ab\build\Crypto\OTP.o )
[ 61 of 119] Compiling Crypto.PubKey.DSA ( Crypto\PubKey\DSA.hs, .stack-work\dist\ca59d0ab\build\Crypto\PubKey\DSA.o )
[ 62 of 119] Compiling Crypto.PubKey.MaskGenFunction ( Crypto\PubKey\MaskGenFunction.hs, .stack-work\dist\ca59d0ab\build\Crypto\PubKey\MaskGenFunction.o )
[ 63 of 119] Compiling Crypto.Error.Types ( Crypto\Error\Types.hs, .stack-work\dist\ca59d0ab\build\Crypto\Error\Types.o )
[ 64 of 119] Compiling Crypto.Error     ( Crypto\Error.hs, .stack-work\dist\ca59d0ab\build\Crypto\Error.o )
[ 65 of 119] Compiling Crypto.KDF.Argon2 ( Crypto\KDF\Argon2.hs, .stack-work\dist\ca59d0ab\build\Crypto\KDF\Argon2.o )
[ 66 of 119] Compiling Crypto.MAC.Poly1305 ( Crypto\MAC\Poly1305.hs, .stack-work\dist\ca59d0ab\build\Crypto\MAC\Poly1305.o )
[ 67 of 119] Compiling Crypto.PubKey.Ed25519 ( Crypto\PubKey\Ed25519.hs, .stack-work\dist\ca59d0ab\build\Crypto\PubKey\Ed25519.o )
[ 68 of 119] Compiling Crypto.ECC.Simple.Types ( Crypto\ECC\Simple\Types.hs, .stack-work\dist\ca59d0ab\build\Crypto\ECC\Simple\Types.o )
[ 69 of 119] Compiling Crypto.Data.Padding ( Crypto\Data\Padding.hs, .stack-work\dist\ca59d0ab\build\Crypto\Data\Padding.o )
[ 70 of 119] Compiling Crypto.Data.AFIS ( Crypto\Data\AFIS.hs, .stack-work\dist\ca59d0ab\build\Crypto\Data\AFIS.o )
[ 71 of 119] Compiling Crypto.Cipher.Types.Utils ( Crypto\Cipher\Types\Utils.hs, .stack-work\dist\ca59d0ab\build\Crypto\Cipher\Types\Utils.o )
[ 72 of 119] Compiling Crypto.Cipher.Types.GF ( Crypto\Cipher\Types\GF.hs, .stack-work\dist\ca59d0ab\build\Crypto\Cipher\Types\GF.o )
[ 73 of 119] Compiling Crypto.Cipher.Types.Base ( Crypto\Cipher\Types\Base.hs, .stack-work\dist\ca59d0ab\build\Crypto\Cipher\Types\Base.o )
[ 74 of 119] Compiling Crypto.Cipher.Types.Stream ( Crypto\Cipher\Types\Stream.hs, .stack-work\dist\ca59d0ab\build\Crypto\Cipher\Types\Stream.o )
[ 75 of 119] Compiling Crypto.Cipher.Types.AEAD ( Crypto\Cipher\Types\AEAD.hs, .stack-work\dist\ca59d0ab\build\Crypto\Cipher\Types\AEAD.o )
[ 76 of 119] Compiling Crypto.Cipher.Types.Block ( Crypto\Cipher\Types\Block.hs, .stack-work\dist\ca59d0ab\build\Crypto\Cipher\Types\Block.o )
[ 77 of 119] Compiling Crypto.Cipher.Types ( Crypto\Cipher\Types.hs, .stack-work\dist\ca59d0ab\build\Crypto\Cipher\Types.o )
[ 78 of 119] Compiling Crypto.Cipher.Utils ( Crypto\Cipher\Utils.hs, .stack-work\dist\ca59d0ab\build\Crypto\Cipher\Utils.o )
[ 79 of 119] Compiling Crypto.ConstructHash.MiyaguchiPreneel ( Crypto\ConstructHash\MiyaguchiPreneel.hs, .stack-work\dist\ca59d0ab\build\Crypto\ConstructHash\MiyaguchiPreneel.o )
[ 80 of 119] Compiling Crypto.MAC.CMAC  ( Crypto\MAC\CMAC.hs, .stack-work\dist\ca59d0ab\build\Crypto\MAC\CMAC.o )
[ 81 of 119] Compiling Crypto.Cipher.Twofish.Primitive ( Crypto\Cipher\Twofish\Primitive.hs, .stack-work\dist\ca59d0ab\build\Crypto\Cipher\Twofish\Primitive.o )
[ 82 of 119] Compiling Crypto.Cipher.Twofish ( Crypto\Cipher\Twofish.hs, .stack-work\dist\ca59d0ab\build\Crypto\Cipher\Twofish.o )
[ 83 of 119] Compiling Crypto.Cipher.Salsa ( Crypto\Cipher\Salsa.hs, .stack-work\dist\ca59d0ab\build\Crypto\Cipher\Salsa.o )
[ 84 of 119] Compiling Crypto.Cipher.XSalsa ( Crypto\Cipher\XSalsa.hs, .stack-work\dist\ca59d0ab\build\Crypto\Cipher\XSalsa.o )
[ 85 of 119] Compiling Crypto.Cipher.RC4 ( Crypto\Cipher\RC4.hs, .stack-work\dist\ca59d0ab\build\Crypto\Cipher\RC4.o )
[ 86 of 119] Compiling Crypto.Cipher.DES.Primitive ( Crypto\Cipher\DES\Primitive.hs, .stack-work\dist\ca59d0ab\build\Crypto\Cipher\DES\Primitive.o )
[ 87 of 119] Compiling Crypto.Cipher.TripleDES ( Crypto\Cipher\TripleDES.hs, .stack-work\dist\ca59d0ab\build\Crypto\Cipher\TripleDES.o )
[ 88 of 119] Compiling Crypto.Cipher.DES ( Crypto\Cipher\DES.hs, .stack-work\dist\ca59d0ab\build\Crypto\Cipher\DES.o )
[ 89 of 119] Compiling Crypto.Cipher.ChaCha ( Crypto\Cipher\ChaCha.hs, .stack-work\dist\ca59d0ab\build\Crypto\Cipher\ChaCha.o )
[ 90 of 119] Compiling Crypto.Cipher.ChaChaPoly1305 ( Crypto\Cipher\ChaChaPoly1305.hs, .stack-work\dist\ca59d0ab\build\Crypto\Cipher\ChaChaPoly1305.o )
[ 91 of 119] Compiling Crypto.Random.ChaChaDRG ( Crypto\Random\ChaChaDRG.hs, .stack-work\dist\ca59d0ab\build\Crypto\Random\ChaChaDRG.o )
[ 92 of 119] Compiling Crypto.Random    ( Crypto\Random.hs, .stack-work\dist\ca59d0ab\build\Crypto\Random.o )
[ 93 of 119] Compiling Crypto.ECC.Simple.Prim ( Crypto\ECC\Simple\Prim.hs, .stack-work\dist\ca59d0ab\build\Crypto\ECC\Simple\Prim.o )
[ 94 of 119] Compiling Crypto.PubKey.Curve25519 ( Crypto\PubKey\Curve25519.hs, .stack-work\dist\ca59d0ab\build\Crypto\PubKey\Curve25519.o )
[ 95 of 119] Compiling Crypto.PubKey.Curve448 ( Crypto\PubKey\Curve448.hs, .stack-work\dist\ca59d0ab\build\Crypto\PubKey\Curve448.o )
[ 96 of 119] Compiling Crypto.PubKey.Ed448 ( Crypto\PubKey\Ed448.hs, .stack-work\dist\ca59d0ab\build\Crypto\PubKey\Ed448.o )
[ 97 of 119] Compiling Crypto.PubKey.ECC.P256 ( Crypto\PubKey\ECC\P256.hs, .stack-work\dist\ca59d0ab\build\Crypto\PubKey\ECC\P256.o )
[ 98 of 119] Compiling Crypto.ECC       ( Crypto\ECC.hs, .stack-work\dist\ca59d0ab\build\Crypto\ECC.o )
[ 99 of 119] Compiling Crypto.PubKey.ECC.Prim ( Crypto\PubKey\ECC\Prim.hs, .stack-work\dist\ca59d0ab\build\Crypto\PubKey\ECC\Prim.o )
[100 of 119] Compiling Crypto.PubKey.ECC.ECDSA ( Crypto\PubKey\ECC\ECDSA.hs, .stack-work\dist\ca59d0ab\build\Crypto\PubKey\ECC\ECDSA.o )
[101 of 119] Compiling Crypto.PubKey.ECC.Generate ( Crypto\PubKey\ECC\Generate.hs, .stack-work\dist\ca59d0ab\build\Crypto\PubKey\ECC\Generate.o )
[102 of 119] Compiling Crypto.PubKey.ECIES ( Crypto\PubKey\ECIES.hs, .stack-work\dist\ca59d0ab\build\Crypto\PubKey\ECIES.o )
[103 of 119] Compiling Crypto.Random.Probabilistic ( Crypto\Random\Probabilistic.hs, .stack-work\dist\ca59d0ab\build\Crypto\Random\Probabilistic.o )
[104 of 119] Compiling Crypto.Number.Prime ( Crypto\Number\Prime.hs, .stack-work\dist\ca59d0ab\build\Crypto\Number\Prime.o )
[105 of 119] Compiling Crypto.PubKey.DH ( Crypto\PubKey\DH.hs, .stack-work\dist\ca59d0ab\build\Crypto\PubKey\DH.o )
[106 of 119] Compiling Crypto.PubKey.ECC.DH ( Crypto\PubKey\ECC\DH.hs, .stack-work\dist\ca59d0ab\build\Crypto\PubKey\ECC\DH.o )
[107 of 119] Compiling Crypto.PubKey.ElGamal ( Crypto\PubKey\ElGamal.hs, .stack-work\dist\ca59d0ab\build\Crypto\PubKey\ElGamal.o )
[108 of 119] Compiling Crypto.PubKey.RSA ( Crypto\PubKey\RSA.hs, .stack-work\dist\ca59d0ab\build\Crypto\PubKey\RSA.o )
[109 of 119] Compiling Crypto.PubKey.RSA.OAEP ( Crypto\PubKey\RSA\OAEP.hs, .stack-work\dist\ca59d0ab\build\Crypto\PubKey\RSA\OAEP.o )
[110 of 119] Compiling Crypto.PubKey.RSA.PKCS15 ( Crypto\PubKey\RSA\PKCS15.hs, .stack-work\dist\ca59d0ab\build\Crypto\PubKey\RSA\PKCS15.o )
[111 of 119] Compiling Crypto.PubKey.RSA.PSS ( Crypto\PubKey\RSA\PSS.hs, .stack-work\dist\ca59d0ab\build\Crypto\PubKey\RSA\PSS.o )
[112 of 119] Compiling Crypto.Cipher.Camellia.Primitive ( Crypto\Cipher\Camellia\Primitive.hs, .stack-work\dist\ca59d0ab\build\Crypto\Cipher\Camellia\Primitive.o )
[113 of 119] Compiling Crypto.Cipher.Camellia ( Crypto\Cipher\Camellia.hs, .stack-work\dist\ca59d0ab\build\Crypto\Cipher\Camellia.o )
[114 of 119] Compiling Crypto.Cipher.Blowfish.Box ( Crypto\Cipher\Blowfish\Box.hs, .stack-work\dist\ca59d0ab\build\Crypto\Cipher\Blowfish\Box.o )
[115 of 119] Compiling Crypto.Cipher.Blowfish.Primitive ( Crypto\Cipher\Blowfish\Primitive.hs, .stack-work\dist\ca59d0ab\build\Crypto\Cipher\Blowfish\Primitive.o )
[116 of 119] Compiling Crypto.KDF.BCrypt ( Crypto\KDF\BCrypt.hs, .stack-work\dist\ca59d0ab\build\Crypto\KDF\BCrypt.o )
[117 of 119] Compiling Crypto.Cipher.Blowfish ( Crypto\Cipher\Blowfish.hs, .stack-work\dist\ca59d0ab\build\Crypto\Cipher\Blowfish.o )
[118 of 119] Compiling Crypto.Cipher.AES.Primitive ( Crypto\Cipher\AES\Primitive.hs, .stack-work\dist\ca59d0ab\build\Crypto\Cipher\AES\Primitive.o )
[119 of 119] Compiling Crypto.Cipher.AES ( Crypto\Cipher\AES.hs, .stack-work\dist\ca59d0ab\build\Crypto\Cipher\AES.o )
Installing library in
C:\sr\snapshots\1602ab97\lib\x86_64-windows-ghc-8.0.2\cryptonite-0.23-1BPzMTfYoVC8tdtJoIP3OP
Registering cryptonite-0.23...
