Configuring foundation-0.0.16...
Building foundation-0.0.16...
Preprocessing library foundation-0.0.16...
[ 1 of 97] Compiling Foundation.VFS.Path ( Foundation\VFS\Path.hs, .stack-work\dist\ca59d0ab\build\Foundation\VFS\Path.o )
[ 2 of 97] Compiling Foundation.VFS.URI ( Foundation\VFS\URI.hs, .stack-work\dist\ca59d0ab\build\Foundation\VFS\URI.o )
[ 3 of 97] Compiling Foundation.System.Entropy.Common ( Foundation\System\Entropy\Common.hs, .stack-work\dist\ca59d0ab\build\Foundation\System\Entropy\Common.o )
[ 4 of 97] Compiling Foundation.System.Entropy.Windows ( Foundation\System\Entropy\Windows.hs, .stack-work\dist\ca59d0ab\build\Foundation\System\Entropy\Windows.o )
[ 5 of 97] Compiling Foundation.System.Bindings.Windows ( Foundation\System\Bindings\Windows.hs, .stack-work\dist\ca59d0ab\build\Foundation\System\Bindings\Windows.o )
[ 6 of 97] Compiling Foundation.System.Bindings.Time ( .stack-work\dist\ca59d0ab\build\Foundation\System\Bindings\Time.hs, .stack-work\dist\ca59d0ab\build\Foundation\System\Bindings\Time.o )
[ 7 of 97] Compiling Foundation.System.Bindings.Network ( .stack-work\dist\ca59d0ab\build\Foundation\System\Bindings\Network.hs, .stack-work\dist\ca59d0ab\build\Foundation\System\Bindings\Network.o )
[ 8 of 97] Compiling Foundation.System.Bindings.Hs ( Foundation\System\Bindings\Hs.hs, .stack-work\dist\ca59d0ab\build\Foundation\System\Bindings\Hs.o )
[ 9 of 97] Compiling Foundation.System.Bindings ( Foundation\System\Bindings.hs, .stack-work\dist\ca59d0ab\build\Foundation\System\Bindings.o )

Foundation\System\Bindings.hs:4:7: warning: [-Wdodgy-exports]
    The export item `module X' exports nothing

Foundation\System\Bindings.hs:8:1: warning: [-Wunused-imports]
    The import of `Foundation.System.Bindings.Windows' is redundant
      except perhaps to import instances from `Foundation.System.Bindings.Windows'
    To import instances alone, use: import Foundation.System.Bindings.Windows()
[10 of 97] Compiling Foundation.String.Read ( Foundation\String\Read.hs, .stack-work\dist\ca59d0ab\build\Foundation\String\Read.o )
[11 of 97] Compiling Foundation.String.Builder ( Foundation\String\Builder.hs, .stack-work\dist\ca59d0ab\build\Foundation\String\Builder.o )
[12 of 97] Compiling Foundation.String ( Foundation\String.hs, .stack-work\dist\ca59d0ab\build\Foundation\String.o )
[13 of 97] Compiling Foundation.System.Info ( Foundation\System\Info.hs, .stack-work\dist\ca59d0ab\build\Foundation\System\Info.o )
[14 of 97] Compiling Foundation.Strict ( Foundation\Strict.hs, .stack-work\dist\ca59d0ab\build\Foundation\Strict.o )
[15 of 97] Compiling Foundation.Primitive ( Foundation\Primitive.hs, .stack-work\dist\ca59d0ab\build\Foundation\Primitive.o )
[16 of 97] Compiling Foundation.Tuple ( Foundation\Tuple.hs, .stack-work\dist\ca59d0ab\build\Foundation\Tuple.o )
[17 of 97] Compiling Foundation.Tuple.Nth ( Foundation\Tuple\Nth.hs, .stack-work\dist\ca59d0ab\build\Foundation\Tuple\Nth.o )
[18 of 97] Compiling Foundation.Partial ( Foundation\Partial.hs, .stack-work\dist\ca59d0ab\build\Foundation\Partial.o )
[19 of 97] Compiling Foundation.Numerical.Floating ( Foundation\Numerical\Floating.hs, .stack-work\dist\ca59d0ab\build\Foundation\Numerical\Floating.o )
[20 of 97] Compiling Foundation.Numerical ( Foundation\Numerical.hs, .stack-work\dist\ca59d0ab\build\Foundation\Numerical.o )
[21 of 97] Compiling Foundation.System.Entropy ( Foundation\System\Entropy.hs, .stack-work\dist\ca59d0ab\build\Foundation\System\Entropy.o )
[22 of 97] Compiling Foundation.Random.Class ( Foundation\Random\Class.hs, .stack-work\dist\ca59d0ab\build\Foundation\Random\Class.o )
[23 of 97] Compiling Foundation.Random.DRG ( Foundation\Random\DRG.hs, .stack-work\dist\ca59d0ab\build\Foundation\Random\DRG.o )
[24 of 97] Compiling Foundation.Time.Types ( Foundation\Time\Types.hs, .stack-work\dist\ca59d0ab\build\Foundation\Time\Types.o )
[25 of 97] Compiling Foundation.Time.StopWatch ( Foundation\Time\StopWatch.hs, .stack-work\dist\ca59d0ab\build\Foundation\Time\StopWatch.o )
[26 of 97] Compiling Foundation.Monad.Transformer ( Foundation\Monad\Transformer.hs, .stack-work\dist\ca59d0ab\build\Foundation\Monad\Transformer.o )
[27 of 97] Compiling Foundation.Monad.MonadIO ( Foundation\Monad\MonadIO.hs, .stack-work\dist\ca59d0ab\build\Foundation\Monad\MonadIO.o )
[28 of 97] Compiling Foundation.Monad.Exception ( Foundation\Monad\Exception.hs, .stack-work\dist\ca59d0ab\build\Foundation\Monad\Exception.o )
[29 of 97] Compiling Foundation.Monad.Identity ( Foundation\Monad\Identity.hs, .stack-work\dist\ca59d0ab\build\Foundation\Monad\Identity.o )
[30 of 97] Compiling Foundation.Monad.Base ( Foundation\Monad\Base.hs, .stack-work\dist\ca59d0ab\build\Foundation\Monad\Base.o )
[31 of 97] Compiling Foundation.Monad.Reader ( Foundation\Monad\Reader.hs, .stack-work\dist\ca59d0ab\build\Foundation\Monad\Reader.o )
[32 of 97] Compiling Foundation.Monad.Except ( Foundation\Monad\Except.hs, .stack-work\dist\ca59d0ab\build\Foundation\Monad\Except.o )
[33 of 97] Compiling Foundation.Monad.State ( Foundation\Monad\State.hs, .stack-work\dist\ca59d0ab\build\Foundation\Monad\State.o )
[34 of 97] Compiling Foundation.Monad ( Foundation\Monad.hs, .stack-work\dist\ca59d0ab\build\Foundation\Monad.o )
[35 of 97] Compiling Foundation.Math.Trigonometry ( Foundation\Math\Trigonometry.hs, .stack-work\dist\ca59d0ab\build\Foundation\Math\Trigonometry.o )
[36 of 97] Compiling Foundation.List.ListN ( Foundation\List\ListN.hs, .stack-work\dist\ca59d0ab\build\Foundation\List\ListN.o )
[37 of 97] Compiling Foundation.IO.Terminal ( Foundation\IO\Terminal.hs, .stack-work\dist\ca59d0ab\build\Foundation\IO\Terminal.o )
[38 of 97] Compiling Foundation.Foreign.Alloc ( Foundation\Foreign\Alloc.hs, .stack-work\dist\ca59d0ab\build\Foundation\Foreign\Alloc.o )
[39 of 97] Compiling Foundation.Time.Bindings ( Foundation\Time\Bindings.hs, .stack-work\dist\ca59d0ab\build\Foundation\Time\Bindings.o )
[40 of 97] Compiling Foundation.Foreign ( Foundation\Foreign.hs, .stack-work\dist\ca59d0ab\build\Foundation\Foreign.o )
[41 of 97] Compiling Foundation.Exception ( Foundation\Exception.hs, .stack-work\dist\ca59d0ab\build\Foundation\Exception.o )
[42 of 97] Compiling Foundation.Conduit.Internal ( Foundation\Conduit\Internal.hs, .stack-work\dist\ca59d0ab\build\Foundation\Conduit\Internal.o )

Foundation\Conduit\Internal.hs:147:11: warning: [-Winline-rule-shadowing]
    Rule "conduit: await >>= maybe" may never fire
      because `maybe' might inline first
    Probable fix: add an INLINE[n] or NOINLINE[n] pragma for `maybe'
[43 of 97] Compiling Foundation.Collection.Mutable ( Foundation\Collection\Mutable.hs, .stack-work\dist\ca59d0ab\build\Foundation\Collection\Mutable.o )
[44 of 97] Compiling Foundation.Collection.Mappable ( Foundation\Collection\Mappable.hs, .stack-work\dist\ca59d0ab\build\Foundation\Collection\Mappable.o )
[45 of 97] Compiling Foundation.Collection.List ( Foundation\Collection\List.hs, .stack-work\dist\ca59d0ab\build\Foundation\Collection\List.o )
[46 of 97] Compiling Foundation.Collection.Keyed ( Foundation\Collection\Keyed.hs, .stack-work\dist\ca59d0ab\build\Foundation\Collection\Keyed.o )
[47 of 97] Compiling Foundation.Collection.Element ( Foundation\Collection\Element.hs, .stack-work\dist\ca59d0ab\build\Foundation\Collection\Element.o )
[48 of 97] Compiling Foundation.Collection.Foldable ( Foundation\Collection\Foldable.hs, .stack-work\dist\ca59d0ab\build\Foundation\Collection\Foldable.o )
[49 of 97] Compiling Foundation.Collection.Indexed ( Foundation\Collection\Indexed.hs, .stack-work\dist\ca59d0ab\build\Foundation\Collection\Indexed.o )
[50 of 97] Compiling Foundation.Collection.InnerFunctor ( Foundation\Collection\InnerFunctor.hs, .stack-work\dist\ca59d0ab\build\Foundation\Collection\InnerFunctor.o )
[51 of 97] Compiling Foundation.Collection.Copy ( Foundation\Collection\Copy.hs, .stack-work\dist\ca59d0ab\build\Foundation\Collection\Copy.o )
[52 of 97] Compiling Foundation.Collection.Collection ( Foundation\Collection\Collection.hs, .stack-work\dist\ca59d0ab\build\Foundation\Collection\Collection.o )
[53 of 97] Compiling Foundation.Collection.Sequential ( Foundation\Collection\Sequential.hs, .stack-work\dist\ca59d0ab\build\Foundation\Collection\Sequential.o )
[54 of 97] Compiling Foundation.Collection.Zippable ( Foundation\Collection\Zippable.hs, .stack-work\dist\ca59d0ab\build\Foundation\Collection\Zippable.o )
[55 of 97] Compiling Foundation.Collection.Buildable ( Foundation\Collection\Buildable.hs, .stack-work\dist\ca59d0ab\build\Foundation\Collection\Buildable.o )
[56 of 97] Compiling Foundation.Collection ( Foundation\Collection.hs, .stack-work\dist\ca59d0ab\build\Foundation\Collection.o )
[57 of 97] Compiling Foundation.Conduit.Textual ( Foundation\Conduit\Textual.hs, .stack-work\dist\ca59d0ab\build\Foundation\Conduit\Textual.o )
[58 of 97] Compiling Foundation.List.DList ( Foundation\List\DList.hs, .stack-work\dist\ca59d0ab\build\Foundation\List\DList.o )
[59 of 97] Compiling Foundation.Parser ( Foundation\Parser.hs, .stack-work\dist\ca59d0ab\build\Foundation\Parser.o )
[60 of 97] Compiling Foundation.Timing ( Foundation\Timing.hs, .stack-work\dist\ca59d0ab\build\Foundation\Timing.o )
[61 of 97] Compiling Foundation.Timing.Main ( Foundation\Timing\Main.hs, .stack-work\dist\ca59d0ab\build\Foundation\Timing\Main.o )
[62 of 97] Compiling Foundation.Class.Storable ( Foundation\Class\Storable.hs, .stack-work\dist\ca59d0ab\build\Foundation\Class\Storable.o )
[63 of 97] Compiling Foundation.Random.ChaChaDRG ( Foundation\Random\ChaChaDRG.hs, .stack-work\dist\ca59d0ab\build\Foundation\Random\ChaChaDRG.o )
[64 of 97] Compiling Foundation.Random ( Foundation\Random.hs, .stack-work\dist\ca59d0ab\build\Foundation\Random.o )
[65 of 97] Compiling Foundation.Class.Bifunctor ( Foundation\Class\Bifunctor.hs, .stack-work\dist\ca59d0ab\build\Foundation\Class\Bifunctor.o )
[66 of 97] Compiling Foundation.Bits  ( Foundation\Bits.hs, .stack-work\dist\ca59d0ab\build\Foundation\Bits.o )
[67 of 97] Compiling Foundation.Random.XorShift ( Foundation\Random\XorShift.hs, .stack-work\dist\ca59d0ab\build\Foundation\Random\XorShift.o )
[68 of 97] Compiling Foundation.Array.Internal ( Foundation\Array\Internal.hs, .stack-work\dist\ca59d0ab\build\Foundation\Array\Internal.o )
[69 of 97] Compiling Foundation.Array.Chunked.Unboxed ( Foundation\Array\Chunked\Unboxed.hs, .stack-work\dist\ca59d0ab\build\Foundation\Array\Chunked\Unboxed.o )
[70 of 97] Compiling Foundation.Array.Bitmap ( Foundation\Array\Bitmap.hs, .stack-work\dist\ca59d0ab\build\Foundation\Array\Bitmap.o )
[71 of 97] Compiling Foundation.Array ( Foundation\Array.hs, .stack-work\dist\ca59d0ab\build\Foundation\Array.o )
[72 of 97] Compiling Foundation.Hashing.Hasher ( Foundation\Hashing\Hasher.hs, .stack-work\dist\ca59d0ab\build\Foundation\Hashing\Hasher.o )
[73 of 97] Compiling Foundation.Hashing.FNV ( Foundation\Hashing\FNV.hs, .stack-work\dist\ca59d0ab\build\Foundation\Hashing\FNV.o )
[74 of 97] Compiling Foundation.Hashing.Hashable ( Foundation\Hashing\Hashable.hs, .stack-work\dist\ca59d0ab\build\Foundation\Hashing\Hashable.o )
[75 of 97] Compiling Foundation.Network.IPv4 ( Foundation\Network\IPv4.hs, .stack-work\dist\ca59d0ab\build\Foundation\Network\IPv4.o )
[76 of 97] Compiling Foundation.Network.IPv6 ( Foundation\Network\IPv6.hs, .stack-work\dist\ca59d0ab\build\Foundation\Network\IPv6.o )
[77 of 97] Compiling Foundation.UUID  ( Foundation\UUID.hs, .stack-work\dist\ca59d0ab\build\Foundation\UUID.o )
[78 of 97] Compiling Foundation.Hashing.SipHash ( Foundation\Hashing\SipHash.hs, .stack-work\dist\ca59d0ab\build\Foundation\Hashing\SipHash.o )
[79 of 97] Compiling Foundation.Check.Gen ( Foundation\Check\Gen.hs, .stack-work\dist\ca59d0ab\build\Foundation\Check\Gen.o )
[80 of 97] Compiling Foundation.Check.Arbitrary ( Foundation\Check\Arbitrary.hs, .stack-work\dist\ca59d0ab\build\Foundation\Check\Arbitrary.o )
[81 of 97] Compiling Foundation.Check.Config ( Foundation\Check\Config.hs, .stack-work\dist\ca59d0ab\build\Foundation\Check\Config.o )
[82 of 97] Compiling Foundation.Check.Property ( Foundation\Check\Property.hs, .stack-work\dist\ca59d0ab\build\Foundation\Check\Property.o )
[83 of 97] Compiling Foundation.Check.Types ( Foundation\Check\Types.hs, .stack-work\dist\ca59d0ab\build\Foundation\Check\Types.o )
[84 of 97] Compiling Foundation.Check.Print ( Foundation\Check\Print.hs, .stack-work\dist\ca59d0ab\build\Foundation\Check\Print.o )
[85 of 97] Compiling Foundation.Check ( Foundation\Check.hs, .stack-work\dist\ca59d0ab\build\Foundation\Check.o )
[86 of 97] Compiling Foundation.Check.Main ( Foundation\Check\Main.hs, .stack-work\dist\ca59d0ab\build\Foundation\Check\Main.o )
[87 of 97] Compiling Foundation.Hashing ( Foundation\Hashing.hs, .stack-work\dist\ca59d0ab\build\Foundation\Hashing.o )
[88 of 97] Compiling Foundation.VFS.FilePath ( Foundation\VFS\FilePath.hs, .stack-work\dist\ca59d0ab\build\Foundation\VFS\FilePath.o )
[89 of 97] Compiling Foundation.VFS   ( Foundation\VFS.hs, .stack-work\dist\ca59d0ab\build\Foundation\VFS.o )
[90 of 97] Compiling Foundation.Foreign.MemoryMap.Types ( Foundation\Foreign\MemoryMap\Types.hs, .stack-work\dist\ca59d0ab\build\Foundation\Foreign\MemoryMap\Types.o )
[91 of 97] Compiling Foundation.Foreign.MemoryMap.Windows ( Foundation\Foreign\MemoryMap\Windows.hs, .stack-work\dist\ca59d0ab\build\Foundation\Foreign\MemoryMap\Windows.o )
[92 of 97] Compiling Foundation.Foreign.MemoryMap ( Foundation\Foreign\MemoryMap.hs, .stack-work\dist\ca59d0ab\build\Foundation\Foreign\MemoryMap.o )
[93 of 97] Compiling Foundation.IO.File ( Foundation\IO\File.hs, .stack-work\dist\ca59d0ab\build\Foundation\IO\File.o )
[94 of 97] Compiling Foundation.IO    ( Foundation\IO.hs, .stack-work\dist\ca59d0ab\build\Foundation\IO.o )
[95 of 97] Compiling Foundation.IO.FileMap ( Foundation\IO\FileMap.hs, .stack-work\dist\ca59d0ab\build\Foundation\IO\FileMap.o )
[96 of 97] Compiling Foundation       ( Foundation.hs, .stack-work\dist\ca59d0ab\build\Foundation.o )
[97 of 97] Compiling Foundation.Conduit ( Foundation\Conduit.hs, .stack-work\dist\ca59d0ab\build\Foundation\Conduit.o )
Installing library in
C:\sr\snapshots\1602ab97\lib\x86_64-windows-ghc-8.0.2\foundation-0.0.16-DD00tmQlEgn4HioqEFL1z6
Registering foundation-0.0.16...
